<?xml version="1.0" encoding="UTF-8"?>
<!-- Generated by org.testng.reporters.JUnitReportReporter -->
<testsuite hostname="Ayanava" failures="0" tests="1" name="Trezy_Generic.Trezy" time="74.881" errors="0" timestamp="2024-09-17T13:33:42 IST" skipped="0">
  <testcase classname="Trezy_Generic.Trezy" name="test1" time="74.881"/>
  <system-out/>
</testsuite> <!-- Trezy_Generic.Trezy -->
